Arguments: 
  C:\Program Files\nodejs\node.exe C:\Program Files (x86)\Yarn\bin\yarn.js

PATH: 
  C:\Users\Neko\bin;C:\Program Files\Git\mingw64\bin;C:\Program Files\Git\usr\local\bin;C:\Program Files\Git\usr\bin;C:\Program Files\Git\usr\bin;C:\Program Files\Git\mingw64\bin;C:\Program Files\Git\usr\bin;C:\Users\Neko\bin;C:\Program Files (x86)\NVIDIA Corporation\PhysX\Common;C:\Program Files (x86)\Common Files\Oracle\Java\javapath;C:\ProgramData\Oracle\Java\javapath;C:\WINDOWS\system32;C:\WINDOWS;C:\WINDOWS\System32\Wbem;C:\WINDOWS\System32\WindowsPowerShell\v1.0;C:\Program Files (x86)\GtkSharp\2.12\bin;C:\WINDOWS\System32\OpenSSH;C:\Program Files\Git\cmd;C:\Program Files\nodejs;C:\Program Files (x86)\Yarn\bin;C:\Users\Neko\AppData\Local\Microsoft\WindowsApps;C:\Users\Neko\AppData\Local\atom\bin;C:\Users\Neko\AppData\Local\Programs\Microsoft VS Code\bin;C:\Users\Neko\AppData\Roaming\npm;C:\Users\Neko\AppData\Local\Yarn\bin;C:\Program Files\Git\usr\bin\vendor_perl;C:\Program Files\Git\usr\bin\core_perl

Yarn version: 
  1.13.0

Node version: 
  10.13.0

Platform: 
  win32 x64

Trace: 
  SyntaxError: C:\Users\Neko\desktop\testing\Sprint-Challenge--Testing\package.json: Unexpected token } in JSON at position 232
      at JSON.parse (<anonymous>)
      at C:\Program Files (x86)\Yarn\lib\cli.js:1625:59
      at Generator.next (<anonymous>)
      at step (C:\Program Files (x86)\Yarn\lib\cli.js:304:30)
      at C:\Program Files (x86)\Yarn\lib\cli.js:315:13

npm manifest: 
  {
  	"name": "testing-challenge",
  	"version": "1.0.0",
  	"description": "Testing Sprint Challenge",
  	"main": "index.js",
  	"scripts": {
  		"test": "jest --watch --verbose",
  		"start": "nodemon index.js",
  		"server": "nodemon index.js",
  	},
  	"repository": {
  		"type": "git",
  		"url": "git+https://github.com/LambdaSchool/Sprint-Challenge--Testing.git"
  	},
  	"keywords": [],
  	"author": "Lambda School",
  	"license": "ISC",
  	"bugs": {
  		"url": "https://github.com/LambdaSchool/Sprint-Challenge--Testing/issues"
  	},
  	"homepage": "https://github.com/LambdaSchool/Sprint-Challenge--Testing#readme",
  	"dependencies": {
  		"dotenv": "^6.2.0",
  		"express": "^4.16.4",
  		"knex": "^0.16.3",
  		"pg": "^7.8.2",
  		"sqlite3": "^4.0.6"
  	},
  	"devDependencies": {
  		"cross-env": "^5.2.0",
  		"jest": "^24.3.0",
  		"nodemon": "^1.18.10",
  		"supertest": "^3.4.2"
  	},
  	"jest": {
  		"testEnvironment": "node"
  	  }
  }

yarn manifest: 
  No manifest

Lockfile: 
  No lockfile
